<?xml version="1.0" encoding="UTF-8"?>
<testsuites>
  <testsuite name="C:\Users\TheGoat\Desktop\clone\proyecto-si784-2024-ii-u2-ayma_tapia_poma\project\phpunit.xml" tests="72" assertions="139" errors="0" failures="0" skipped="0" time="10.199937">
    <testsuite name="Unit Tests" tests="26" assertions="28" errors="0" failures="0" skipped="0" time="3.715800">
      <testsuite name="Tests\Unit\CategoryModelTest" file="C:\Users\TheGoat\Desktop\clone\proyecto-si784-2024-ii-u2-ayma_tapia_poma\project\tests\Unit\CategoryModelTest.php" tests="7" assertions="7" errors="0" failures="0" skipped="0" time="2.935788">
        <testcase name="testCreateCategorySuccess" file="C:\Users\TheGoat\Desktop\clone\proyecto-si784-2024-ii-u2-ayma_tapia_poma\project\tests\Unit\CategoryModelTest.php" line="25" class="Tests\Unit\CategoryModelTest" classname="Tests.Unit.CategoryModelTest" assertions="1" time="2.841038"/>
        <testcase name="testCreateCategoryFailsWithoutName" file="C:\Users\TheGoat\Desktop\clone\proyecto-si784-2024-ii-u2-ayma_tapia_poma\project\tests\Unit\CategoryModelTest.php" line="48" class="Tests\Unit\CategoryModelTest" classname="Tests.Unit.CategoryModelTest" assertions="1" time="0.017948"/>
        <testcase name="testGetCategoriesSuccess" file="C:\Users\TheGoat\Desktop\clone\proyecto-si784-2024-ii-u2-ayma_tapia_poma\project\tests\Unit\CategoryModelTest.php" line="58" class="Tests\Unit\CategoryModelTest" classname="Tests.Unit.CategoryModelTest" assertions="1" time="0.037521"/>
        <testcase name="testGetCategoryByIdSuccess" file="C:\Users\TheGoat\Desktop\clone\proyecto-si784-2024-ii-u2-ayma_tapia_poma\project\tests\Unit\CategoryModelTest.php" line="87" class="Tests\Unit\CategoryModelTest" classname="Tests.Unit.CategoryModelTest" assertions="1" time="0.004470"/>
        <testcase name="testUpdateCategorySuccess" file="C:\Users\TheGoat\Desktop\clone\proyecto-si784-2024-ii-u2-ayma_tapia_poma\project\tests\Unit\CategoryModelTest.php" line="117" class="Tests\Unit\CategoryModelTest" classname="Tests.Unit.CategoryModelTest" assertions="1" time="0.004289"/>
        <testcase name="testUpdateCategoryFailsWithoutId" file="C:\Users\TheGoat\Desktop\clone\proyecto-si784-2024-ii-u2-ayma_tapia_poma\project\tests\Unit\CategoryModelTest.php" line="147" class="Tests\Unit\CategoryModelTest" classname="Tests.Unit.CategoryModelTest" assertions="1" time="0.014832"/>
        <testcase name="testDeleteCategorySuccess" file="C:\Users\TheGoat\Desktop\clone\proyecto-si784-2024-ii-u2-ayma_tapia_poma\project\tests\Unit\CategoryModelTest.php" line="157" class="Tests\Unit\CategoryModelTest" classname="Tests.Unit.CategoryModelTest" assertions="1" time="0.015689"/>
      </testsuite>
      <testsuite name="Tests\Unit\NotificationModelTest" file="C:\Users\TheGoat\Desktop\clone\proyecto-si784-2024-ii-u2-ayma_tapia_poma\project\tests\Unit\NotificationModelTest.php" tests="5" assertions="5" errors="0" failures="0" skipped="0" time="0.111444">
        <testcase name="testCreateNotificationSuccess" file="C:\Users\TheGoat\Desktop\clone\proyecto-si784-2024-ii-u2-ayma_tapia_poma\project\tests\Unit\NotificationModelTest.php" line="24" class="Tests\Unit\NotificationModelTest" classname="Tests.Unit.NotificationModelTest" assertions="1" time="0.051365"/>
        <testcase name="testCreateNotificationFailsWithoutRequiredFields" file="C:\Users\TheGoat\Desktop\clone\proyecto-si784-2024-ii-u2-ayma_tapia_poma\project\tests\Unit\NotificationModelTest.php" line="50" class="Tests\Unit\NotificationModelTest" classname="Tests.Unit.NotificationModelTest" assertions="1" time="0.024330"/>
        <testcase name="testGetNotificationsByUserSuccess" file="C:\Users\TheGoat\Desktop\clone\proyecto-si784-2024-ii-u2-ayma_tapia_poma\project\tests\Unit\NotificationModelTest.php" line="62" class="Tests\Unit\NotificationModelTest" classname="Tests.Unit.NotificationModelTest" assertions="1" time="0.015511"/>
        <testcase name="testMarkAsReadSuccess" file="C:\Users\TheGoat\Desktop\clone\proyecto-si784-2024-ii-u2-ayma_tapia_poma\project\tests\Unit\NotificationModelTest.php" line="92" class="Tests\Unit\NotificationModelTest" classname="Tests.Unit.NotificationModelTest" assertions="1" time="0.015708"/>
        <testcase name="testDeleteNotificationSuccess" file="C:\Users\TheGoat\Desktop\clone\proyecto-si784-2024-ii-u2-ayma_tapia_poma\project\tests\Unit\NotificationModelTest.php" line="115" class="Tests\Unit\NotificationModelTest" classname="Tests.Unit.NotificationModelTest" assertions="1" time="0.004530"/>
      </testsuite>
      <testsuite name="Tests\Unit\TaskModelTest" file="C:\Users\TheGoat\Desktop\clone\proyecto-si784-2024-ii-u2-ayma_tapia_poma\project\tests\Unit\TaskModelTest.php" tests="8" assertions="8" errors="0" failures="0" skipped="0" time="0.164612">
        <testcase name="testCreateTaskSuccess" file="C:\Users\TheGoat\Desktop\clone\proyecto-si784-2024-ii-u2-ayma_tapia_poma\project\tests\Unit\TaskModelTest.php" line="24" class="Tests\Unit\TaskModelTest" classname="Tests.Unit.TaskModelTest" assertions="1" time="0.051560"/>
        <testcase name="testCreateTaskFails" file="C:\Users\TheGoat\Desktop\clone\proyecto-si784-2024-ii-u2-ayma_tapia_poma\project\tests\Unit\TaskModelTest.php" line="52" class="Tests\Unit\TaskModelTest" classname="Tests.Unit.TaskModelTest" assertions="1" time="0.019418"/>
        <testcase name="testGetTasksByUserSuccess" file="C:\Users\TheGoat\Desktop\clone\proyecto-si784-2024-ii-u2-ayma_tapia_poma\project\tests\Unit\TaskModelTest.php" line="66" class="Tests\Unit\TaskModelTest" classname="Tests.Unit.TaskModelTest" assertions="1" time="0.014863"/>
        <testcase name="testUpdateTaskSuccess" file="C:\Users\TheGoat\Desktop\clone\proyecto-si784-2024-ii-u2-ayma_tapia_poma\project\tests\Unit\TaskModelTest.php" line="101" class="Tests\Unit\TaskModelTest" classname="Tests.Unit.TaskModelTest" assertions="1" time="0.005881"/>
        <testcase name="testUpdateTaskFailsWithoutRequiredFields" file="C:\Users\TheGoat\Desktop\clone\proyecto-si784-2024-ii-u2-ayma_tapia_poma\project\tests\Unit\TaskModelTest.php" line="133" class="Tests\Unit\TaskModelTest" classname="Tests.Unit.TaskModelTest" assertions="1" time="0.023973"/>
        <testcase name="testDeleteTaskSuccess" file="C:\Users\TheGoat\Desktop\clone\proyecto-si784-2024-ii-u2-ayma_tapia_poma\project\tests\Unit\TaskModelTest.php" line="147" class="Tests\Unit\TaskModelTest" classname="Tests.Unit.TaskModelTest" assertions="1" time="0.004097"/>
        <testcase name="testGetTaskByIdSuccess" file="C:\Users\TheGoat\Desktop\clone\proyecto-si784-2024-ii-u2-ayma_tapia_poma\project\tests\Unit\TaskModelTest.php" line="169" class="Tests\Unit\TaskModelTest" classname="Tests.Unit.TaskModelTest" assertions="1" time="0.025814"/>
        <testcase name="testGetTaskByIdReturnsNullIfNotFound" file="C:\Users\TheGoat\Desktop\clone\proyecto-si784-2024-ii-u2-ayma_tapia_poma\project\tests\Unit\TaskModelTest.php" line="196" class="Tests\Unit\TaskModelTest" classname="Tests.Unit.TaskModelTest" assertions="1" time="0.019006"/>
      </testsuite>
      <testsuite name="Tests\Unit\UserModelTest" file="C:\Users\TheGoat\Desktop\clone\proyecto-si784-2024-ii-u2-ayma_tapia_poma\project\tests\Unit\UserModelTest.php" tests="6" assertions="8" errors="0" failures="0" skipped="0" time="0.503956">
        <testcase name="testCreateUser" file="C:\Users\TheGoat\Desktop\clone\proyecto-si784-2024-ii-u2-ayma_tapia_poma\project\tests\Unit\UserModelTest.php" line="25" class="Tests\Unit\UserModelTest" classname="Tests.Unit.UserModelTest" assertions="1" time="0.148922"/>
        <testcase name="testPasswordVerification" file="C:\Users\TheGoat\Desktop\clone\proyecto-si784-2024-ii-u2-ayma_tapia_poma\project\tests\Unit\UserModelTest.php" line="44" class="Tests\Unit\UserModelTest" classname="Tests.Unit.UserModelTest" assertions="2" time="0.174617"/>
        <testcase name="testCreateUserWithDuplicateEmail" file="C:\Users\TheGoat\Desktop\clone\proyecto-si784-2024-ii-u2-ayma_tapia_poma\project\tests\Unit\UserModelTest.php" line="65" class="Tests\Unit\UserModelTest" classname="Tests.Unit.UserModelTest" assertions="1" time="0.073109"/>
        <testcase name="testCreateUserWithMissingFields" file="C:\Users\TheGoat\Desktop\clone\proyecto-si784-2024-ii-u2-ayma_tapia_poma\project\tests\Unit\UserModelTest.php" line="91" class="Tests\Unit\UserModelTest" classname="Tests.Unit.UserModelTest" assertions="1" time="0.028713"/>
        <testcase name="testFindUserByEmail" file="C:\Users\TheGoat\Desktop\clone\proyecto-si784-2024-ii-u2-ayma_tapia_poma\project\tests\Unit\UserModelTest.php" line="106" class="Tests\Unit\UserModelTest" classname="Tests.Unit.UserModelTest" assertions="2" time="0.064010"/>
        <testcase name="testFindUserByEmailNotFound" file="C:\Users\TheGoat\Desktop\clone\proyecto-si784-2024-ii-u2-ayma_tapia_poma\project\tests\Unit\UserModelTest.php" line="129" class="Tests\Unit\UserModelTest" classname="Tests.Unit.UserModelTest" assertions="1" time="0.014586"/>
      </testsuite>
    </testsuite>
    <testsuite name="Functional Tests" tests="38" assertions="98" errors="0" failures="0" skipped="0" time="0.974205">
      <testsuite name="Tests\Functional\AuthControllerTest" file="C:\Users\TheGoat\Desktop\clone\proyecto-si784-2024-ii-u2-ayma_tapia_poma\project\tests\Functional\AuthControllerTest.php" tests="13" assertions="32" errors="0" failures="0" skipped="0" time="0.685126">
        <testcase name="testLoginWithValidCredentials" file="C:\Users\TheGoat\Desktop\clone\proyecto-si784-2024-ii-u2-ayma_tapia_poma\project\tests\Functional\AuthControllerTest.php" line="31" class="Tests\Functional\AuthControllerTest" classname="Tests.Functional.AuthControllerTest" assertions="3" time="0.172620"/>
        <testcase name="testLoginWithInvalidCredentials" file="C:\Users\TheGoat\Desktop\clone\proyecto-si784-2024-ii-u2-ayma_tapia_poma\project\tests\Functional\AuthControllerTest.php" line="59" class="Tests\Functional\AuthControllerTest" classname="Tests.Functional.AuthControllerTest" assertions="3" time="0.119923"/>
        <testcase name="testLoginWithMissingFields" file="C:\Users\TheGoat\Desktop\clone\proyecto-si784-2024-ii-u2-ayma_tapia_poma\project\tests\Functional\AuthControllerTest.php" line="87" class="Tests\Functional\AuthControllerTest" classname="Tests.Functional.AuthControllerTest" assertions="3" time="0.014068"/>
        <testcase name="testRegisterWithValidData" file="C:\Users\TheGoat\Desktop\clone\proyecto-si784-2024-ii-u2-ayma_tapia_poma\project\tests\Functional\AuthControllerTest.php" line="104" class="Tests\Functional\AuthControllerTest" classname="Tests.Functional.AuthControllerTest" assertions="3" time="0.112750"/>
        <testcase name="testRegisterWithExistingEmail" file="C:\Users\TheGoat\Desktop\clone\proyecto-si784-2024-ii-u2-ayma_tapia_poma\project\tests\Functional\AuthControllerTest.php" line="140" class="Tests\Functional\AuthControllerTest" classname="Tests.Functional.AuthControllerTest" assertions="3" time="0.026211"/>
        <testcase name="testRegisterWithMissingFields" file="C:\Users\TheGoat\Desktop\clone\proyecto-si784-2024-ii-u2-ayma_tapia_poma\project\tests\Functional\AuthControllerTest.php" line="166" class="Tests\Functional\AuthControllerTest" classname="Tests.Functional.AuthControllerTest" assertions="3" time="0.003983"/>
        <testcase name="testRegisterFailsToCreateUser" file="C:\Users\TheGoat\Desktop\clone\proyecto-si784-2024-ii-u2-ayma_tapia_poma\project\tests\Functional\AuthControllerTest.php" line="184" class="Tests\Functional\AuthControllerTest" classname="Tests.Functional.AuthControllerTest" assertions="3" time="0.075054"/>
        <testcase name="testLogout" file="C:\Users\TheGoat\Desktop\clone\proyecto-si784-2024-ii-u2-ayma_tapia_poma\project\tests\Functional\AuthControllerTest.php" line="211" class="Tests\Functional\AuthControllerTest" classname="Tests.Functional.AuthControllerTest" assertions="2" time="0.003973"/>
        <testcase name="testLogoutWithoutActiveSession" file="C:\Users\TheGoat\Desktop\clone\proyecto-si784-2024-ii-u2-ayma_tapia_poma\project\tests\Functional\AuthControllerTest.php" line="227" class="Tests\Functional\AuthControllerTest" classname="Tests.Functional.AuthControllerTest" assertions="3" time="0.025199"/>
        <testcase name="testShowLoginRedirectsIfAuthenticated" file="C:\Users\TheGoat\Desktop\clone\proyecto-si784-2024-ii-u2-ayma_tapia_poma\project\tests\Functional\AuthControllerTest.php" line="242" class="Tests\Functional\AuthControllerTest" classname="Tests.Functional.AuthControllerTest" assertions="1" time="0.029924"/>
        <testcase name="testShowLoginIncludesLoginView" file="C:\Users\TheGoat\Desktop\clone\proyecto-si784-2024-ii-u2-ayma_tapia_poma\project\tests\Functional\AuthControllerTest.php" line="256" class="Tests\Functional\AuthControllerTest" classname="Tests.Functional.AuthControllerTest" assertions="2" time="0.049421"/>
        <testcase name="testShowRegisterRedirectsIfAuthenticated" file="C:\Users\TheGoat\Desktop\clone\proyecto-si784-2024-ii-u2-ayma_tapia_poma\project\tests\Functional\AuthControllerTest.php" line="273" class="Tests\Functional\AuthControllerTest" classname="Tests.Functional.AuthControllerTest" assertions="1" time="0.028019"/>
        <testcase name="testShowRegisterIncludesRegisterView" file="C:\Users\TheGoat\Desktop\clone\proyecto-si784-2024-ii-u2-ayma_tapia_poma\project\tests\Functional\AuthControllerTest.php" line="285" class="Tests\Functional\AuthControllerTest" classname="Tests.Functional.AuthControllerTest" assertions="2" time="0.023981"/>
      </testsuite>
      <testsuite name="Tests\Functional\NotificationControllerTest" file="C:\Users\TheGoat\Desktop\clone\proyecto-si784-2024-ii-u2-ayma_tapia_poma\project\tests\Functional\NotificationControllerTest.php" tests="10" assertions="26" errors="0" failures="0" skipped="0" time="0.061788">
        <testcase name="testCreateNotificationWithValidData" file="C:\Users\TheGoat\Desktop\clone\proyecto-si784-2024-ii-u2-ayma_tapia_poma\project\tests\Functional\NotificationControllerTest.php" line="29" class="Tests\Functional\NotificationControllerTest" classname="Tests.Functional.NotificationControllerTest" assertions="3" time="0.035774"/>
        <testcase name="testCreateNotificationWithEmptyMessage" file="C:\Users\TheGoat\Desktop\clone\proyecto-si784-2024-ii-u2-ayma_tapia_poma\project\tests\Functional\NotificationControllerTest.php" line="59" class="Tests\Functional\NotificationControllerTest" classname="Tests.Functional.NotificationControllerTest" assertions="3" time="0.003217"/>
        <testcase name="testCreateNotificationWithoutUserSession" file="C:\Users\TheGoat\Desktop\clone\proyecto-si784-2024-ii-u2-ayma_tapia_poma\project\tests\Functional\NotificationControllerTest.php" line="80" class="Tests\Functional\NotificationControllerTest" classname="Tests.Functional.NotificationControllerTest" assertions="2" time="0.002652"/>
        <testcase name="testMarkAsReadWithSuccess" file="C:\Users\TheGoat\Desktop\clone\proyecto-si784-2024-ii-u2-ayma_tapia_poma\project\tests\Functional\NotificationControllerTest.php" line="98" class="Tests\Functional\NotificationControllerTest" classname="Tests.Functional.NotificationControllerTest" assertions="3" time="0.003226"/>
        <testcase name="testDeleteNotificationWithSuccess" file="C:\Users\TheGoat\Desktop\clone\proyecto-si784-2024-ii-u2-ayma_tapia_poma\project\tests\Functional\NotificationControllerTest.php" line="124" class="Tests\Functional\NotificationControllerTest" classname="Tests.Functional.NotificationControllerTest" assertions="3" time="0.003037"/>
        <testcase name="testCreateNotificationWithInvalidUserId" file="C:\Users\TheGoat\Desktop\clone\proyecto-si784-2024-ii-u2-ayma_tapia_poma\project\tests\Functional\NotificationControllerTest.php" line="151" class="Tests\Functional\NotificationControllerTest" classname="Tests.Functional.NotificationControllerTest" assertions="3" time="0.002724"/>
        <testcase name="testShowNotifications" file="C:\Users\TheGoat\Desktop\clone\proyecto-si784-2024-ii-u2-ayma_tapia_poma\project\tests\Functional\NotificationControllerTest.php" line="176" class="Tests\Functional\NotificationControllerTest" classname="Tests.Functional.NotificationControllerTest" assertions="1" time="0.002545"/>
        <testcase name="testShowNotificationsWithoutUserLoggedIn" file="C:\Users\TheGoat\Desktop\clone\proyecto-si784-2024-ii-u2-ayma_tapia_poma\project\tests\Functional\NotificationControllerTest.php" line="201" class="Tests\Functional\NotificationControllerTest" classname="Tests.Functional.NotificationControllerTest" assertions="2" time="0.002606"/>
        <testcase name="testDeleteNotificationWithoutId" file="C:\Users\TheGoat\Desktop\clone\proyecto-si784-2024-ii-u2-ayma_tapia_poma\project\tests\Functional\NotificationControllerTest.php" line="220" class="Tests\Functional\NotificationControllerTest" classname="Tests.Functional.NotificationControllerTest" assertions="3" time="0.003059"/>
        <testcase name="testMarkAsReadWithFailure" file="C:\Users\TheGoat\Desktop\clone\proyecto-si784-2024-ii-u2-ayma_tapia_poma\project\tests\Functional\NotificationControllerTest.php" line="242" class="Tests\Functional\NotificationControllerTest" classname="Tests.Functional.NotificationControllerTest" assertions="3" time="0.002948"/>
      </testsuite>
      <testsuite name="Tests\Functional\TaskControllerTest" file="C:\Users\TheGoat\Desktop\clone\proyecto-si784-2024-ii-u2-ayma_tapia_poma\project\tests\Functional\TaskControllerTest.php" tests="15" assertions="40" errors="0" failures="0" skipped="0" time="0.227291">
        <testcase name="testShowTasks" file="C:\Users\TheGoat\Desktop\clone\proyecto-si784-2024-ii-u2-ayma_tapia_poma\project\tests\Functional\TaskControllerTest.php" line="31" class="Tests\Functional\TaskControllerTest" classname="Tests.Functional.TaskControllerTest" assertions="3" time="0.084847"/>
        <testcase name="testCreateTaskWithValidData" file="C:\Users\TheGoat\Desktop\clone\proyecto-si784-2024-ii-u2-ayma_tapia_poma\project\tests\Functional\TaskControllerTest.php" line="62" class="Tests\Functional\TaskControllerTest" classname="Tests.Functional.TaskControllerTest" assertions="3" time="0.002950"/>
        <testcase name="testCreateTaskWithMissingCategoryId" file="C:\Users\TheGoat\Desktop\clone\proyecto-si784-2024-ii-u2-ayma_tapia_poma\project\tests\Functional\TaskControllerTest.php" line="96" class="Tests\Functional\TaskControllerTest" classname="Tests.Functional.TaskControllerTest" assertions="3" time="0.002453"/>
        <testcase name="testEditTaskWithValidData" file="C:\Users\TheGoat\Desktop\clone\proyecto-si784-2024-ii-u2-ayma_tapia_poma\project\tests\Functional\TaskControllerTest.php" line="116" class="Tests\Functional\TaskControllerTest" classname="Tests.Functional.TaskControllerTest" assertions="3" time="0.002782"/>
        <testcase name="testDeleteTaskSuccessfully" file="C:\Users\TheGoat\Desktop\clone\proyecto-si784-2024-ii-u2-ayma_tapia_poma\project\tests\Functional\TaskControllerTest.php" line="150" class="Tests\Functional\TaskControllerTest" classname="Tests.Functional.TaskControllerTest" assertions="3" time="0.002568"/>
        <testcase name="testEditTaskWithInvalidData" file="C:\Users\TheGoat\Desktop\clone\proyecto-si784-2024-ii-u2-ayma_tapia_poma\project\tests\Functional\TaskControllerTest.php" line="172" class="Tests\Functional\TaskControllerTest" classname="Tests.Functional.TaskControllerTest" assertions="3" time="0.002537"/>
        <testcase name="testDeleteTaskWithFailure" file="C:\Users\TheGoat\Desktop\clone\proyecto-si784-2024-ii-u2-ayma_tapia_poma\project\tests\Functional\TaskControllerTest.php" line="193" class="Tests\Functional\TaskControllerTest" classname="Tests.Functional.TaskControllerTest" assertions="3" time="0.002401"/>
        <testcase name="testCreateTaskWithException" file="C:\Users\TheGoat\Desktop\clone\proyecto-si784-2024-ii-u2-ayma_tapia_poma\project\tests\Functional\TaskControllerTest.php" line="215" class="Tests\Functional\TaskControllerTest" classname="Tests.Functional.TaskControllerTest" assertions="2" time="0.065008"/>
        <testcase name="testDeleteTaskWithException" file="C:\Users\TheGoat\Desktop\clone\proyecto-si784-2024-ii-u2-ayma_tapia_poma\project\tests\Functional\TaskControllerTest.php" line="239" class="Tests\Functional\TaskControllerTest" classname="Tests.Functional.TaskControllerTest" assertions="2" time="0.002835"/>
        <testcase name="testEditTaskWithInvalidCategory" file="C:\Users\TheGoat\Desktop\clone\proyecto-si784-2024-ii-u2-ayma_tapia_poma\project\tests\Functional\TaskControllerTest.php" line="258" class="Tests\Functional\TaskControllerTest" classname="Tests.Functional.TaskControllerTest" assertions="3" time="0.002702"/>
        <testcase name="testCreateTaskWithNonExistentCategory" file="C:\Users\TheGoat\Desktop\clone\proyecto-si784-2024-ii-u2-ayma_tapia_poma\project\tests\Functional\TaskControllerTest.php" line="288" class="Tests\Functional\TaskControllerTest" classname="Tests.Functional.TaskControllerTest" assertions="3" time="0.002447"/>
        <testcase name="testShowCreateTaskForm" file="C:\Users\TheGoat\Desktop\clone\proyecto-si784-2024-ii-u2-ayma_tapia_poma\project\tests\Functional\TaskControllerTest.php" line="319" class="Tests\Functional\TaskControllerTest" classname="Tests.Functional.TaskControllerTest" assertions="2" time="0.016465"/>
        <testcase name="testShowEditTaskFormWithValidTask" file="C:\Users\TheGoat\Desktop\clone\proyecto-si784-2024-ii-u2-ayma_tapia_poma\project\tests\Functional\TaskControllerTest.php" line="345" class="Tests\Functional\TaskControllerTest" classname="Tests.Functional.TaskControllerTest" assertions="3" time="0.031476"/>
        <testcase name="testShowEditTaskFormWithInvalidTask" file="C:\Users\TheGoat\Desktop\clone\proyecto-si784-2024-ii-u2-ayma_tapia_poma\project\tests\Functional\TaskControllerTest.php" line="387" class="Tests\Functional\TaskControllerTest" classname="Tests.Functional.TaskControllerTest" assertions="1" time="0.002816"/>
        <testcase name="testCreateTaskWithLongTitle" file="C:\Users\TheGoat\Desktop\clone\proyecto-si784-2024-ii-u2-ayma_tapia_poma\project\tests\Functional\TaskControllerTest.php" line="409" class="Tests\Functional\TaskControllerTest" classname="Tests.Functional.TaskControllerTest" assertions="3" time="0.003004"/>
      </testsuite>
    </testsuite>
    <testsuite name="Integration Tests" tests="8" assertions="13" errors="0" failures="0" skipped="0" time="5.509932">
      <testsuite name="Tests\Integration\DatabaseTest" file="C:\Users\TheGoat\Desktop\clone\proyecto-si784-2024-ii-u2-ayma_tapia_poma\project\tests\Integration\DatabaseTest.php" tests="8" assertions="13" errors="0" failures="0" skipped="0" time="5.509932">
        <testcase name="testDatabaseConnectionWithValidConfig" file="C:\Users\TheGoat\Desktop\clone\proyecto-si784-2024-ii-u2-ayma_tapia_poma\project\tests\Integration\DatabaseTest.php" line="15" class="Tests\Integration\DatabaseTest" classname="Tests.Integration.DatabaseTest" assertions="1" time="0.036514"/>
        <testcase name="testInvalidDatabaseConfiguration" file="C:\Users\TheGoat\Desktop\clone\proyecto-si784-2024-ii-u2-ayma_tapia_poma\project\tests\Integration\DatabaseTest.php" line="41" class="Tests\Integration\DatabaseTest" classname="Tests.Integration.DatabaseTest" assertions="2" time="0.002061"/>
        <testcase name="testPdoErrorModeIsSetCorrectly" file="C:\Users\TheGoat\Desktop\clone\proyecto-si784-2024-ii-u2-ayma_tapia_poma\project\tests\Integration\DatabaseTest.php" line="65" class="Tests\Integration\DatabaseTest" classname="Tests.Integration.DatabaseTest" assertions="1" time="0.022884"/>
        <testcase name="testPdoAttributesAreSetCorrectly" file="C:\Users\TheGoat\Desktop\clone\proyecto-si784-2024-ii-u2-ayma_tapia_poma\project\tests\Integration\DatabaseTest.php" line="92" class="Tests\Integration\DatabaseTest" classname="Tests.Integration.DatabaseTest" assertions="1" time="0.015188"/>
        <testcase name="testDatabaseConnectionWithInvalidCredentials" file="C:\Users\TheGoat\Desktop\clone\proyecto-si784-2024-ii-u2-ayma_tapia_poma\project\tests\Integration\DatabaseTest.php" line="119" class="Tests\Integration\DatabaseTest" classname="Tests.Integration.DatabaseTest" assertions="2" time="0.015069"/>
        <testcase name="testDatabaseConnectionFails" file="C:\Users\TheGoat\Desktop\clone\proyecto-si784-2024-ii-u2-ayma_tapia_poma\project\tests\Integration\DatabaseTest.php" line="146" class="Tests\Integration\DatabaseTest" classname="Tests.Integration.DatabaseTest" assertions="2" time="2.715064"/>
        <testcase name="testConnectionThrowsPdoExceptionOnFailure" file="C:\Users\TheGoat\Desktop\clone\proyecto-si784-2024-ii-u2-ayma_tapia_poma\project\tests\Integration\DatabaseTest.php" line="167" class="Tests\Integration\DatabaseTest" classname="Tests.Integration.DatabaseTest" assertions="2" time="2.700958"/>
        <testcase name="testThrowsExceptionForInvalidConfiguration" file="C:\Users\TheGoat\Desktop\clone\proyecto-si784-2024-ii-u2-ayma_tapia_poma\project\tests\Integration\DatabaseTest.php" line="188" class="Tests\Integration\DatabaseTest" classname="Tests.Integration.DatabaseTest" assertions="2" time="0.002194"/>
      </testsuite>
    </testsuite>
  </testsuite>
</testsuites>
